<?xml version="1.0" encoding="UTF-8"?>
<!-- Generated by org.testng.reporters.JUnitReportReporter -->
<testsuite hostname="LAPTOP-5SGPDORB" failures="0" tests="1" name="com.ui.tests.ProductTest" time="12.008" errors="0" timestamp="2025-10-28T22:51:26 IST" skipped="0">
  <testcase classname="com.ui.tests.ProductTest" name="getAllProductNamesList" time="12.008"/>
</testsuite> <!-- com.ui.tests.ProductTest -->
