<?xml version="1.0" encoding="UTF-8"?>
<!-- Generated by org.testng.reporters.JUnitReportReporter -->
<testsuite hostname="LAPTOP-5SGPDORB" failures="0" tests="1" name="com.ui.tests.InvalidLoginTest" time="7.023" errors="0" timestamp="2025-10-26T18:28:02 IST" skipped="0">
  <testcase classname="com.ui.tests.InvalidLoginTest" name="invalidLoginCheck" time="7.023"/>
</testsuite> <!-- com.ui.tests.InvalidLoginTest -->
