<?xml version="1.0" encoding="UTF-8"?>
<!-- Generated by org.testng.reporters.JUnitReportReporter -->
<testsuite hostname="LAPTOP-5SGPDORB" failures="0" tests="1" name="com.ui.tests.AddNewAddressTest" time="15.685" errors="0" timestamp="2025-10-28T00:35:45 IST" skipped="0">
  <testcase classname="com.ui.tests.AddNewAddressTest" name="addingNewAddres" time="15.685"/>
</testsuite> <!-- com.ui.tests.AddNewAddressTest -->
