<?xml version="1.0" encoding="UTF-8"?>
<!-- Generated by org.testng.reporters.JUnitReportReporter -->
<testsuite hostname="LAPTOP-5SGPDORB" failures="0" tests="1" name="com.ui.tests.ProductTest" time="17.505" errors="0" timestamp="2025-10-27T22:31:02 IST" skipped="0">
  <testcase classname="com.ui.tests.ProductTest" name="verifyingAllProductNames" time="17.505"/>
</testsuite> <!-- com.ui.tests.ProductTest -->
