<?xml version="1.0" encoding="UTF-8"?>
<!-- Generated by org.testng.reporters.JUnitReportReporter -->
<testsuite hostname="LAPTOP-5SGPDORB" failures="0" tests="1" name="com.ui.tests.AddNewAddressTest" time="12.659" errors="0" timestamp="2025-10-28T16:45:28 IST" skipped="0">
  <testcase classname="com.ui.tests.AddNewAddressTest" name="addingNewAddres" time="12.659"/>
</testsuite> <!-- com.ui.tests.AddNewAddressTest -->
