<?xml version="1.0" encoding="UTF-8"?>
<!-- Generated by org.testng.reporters.JUnitReportReporter -->
<testsuite hostname="LAPTOP-5SGPDORB" failures="0" tests="1" name="com.ui.tests.ProductCheckoutTest" time="39.736" errors="0" timestamp="2025-10-29T22:33:31 IST" skipped="0">
  <testcase classname="com.ui.tests.ProductCheckoutTest" name="completeOrder" time="39.736"/>
</testsuite> <!-- com.ui.tests.ProductCheckoutTest -->
