<?xml version="1.0" encoding="UTF-8"?>
<!-- Generated by org.testng.reporters.JUnitReportReporter -->
<testsuite hostname="LAPTOP-5SGPDORB" failures="0" tests="1" name="com.ui.tests.CompleteOrderTest" time="24.538" errors="0" timestamp="2025-10-29T22:54:07 IST" skipped="0">
  <testcase classname="com.ui.tests.CompleteOrderTest" name="completeOrder" time="24.538"/>
</testsuite> <!-- com.ui.tests.CompleteOrderTest -->
