<?xml version="1.0" encoding="UTF-8"?>
<!-- Generated by org.testng.reporters.JUnitReportReporter -->
<testsuite hostname="LAPTOP-5SGPDORB" failures="0" tests="1" name="com.ui.tests.LoginTests" time="7.880" errors="0" timestamp="2025-10-25T11:17:10 IST" skipped="0">
  <testcase classname="com.ui.tests.LoginTests" name="LoginTest" time="7.880"/>
</testsuite> <!-- com.ui.tests.LoginTests -->
