<?xml version="1.0" encoding="UTF-8"?>
<!-- Generated by org.testng.reporters.JUnitReportReporter -->
<testsuite hostname="LAPTOP-5SGPDORB" failures="0" tests="4" name="com.ui.tests.CompleteOrderTest" time="98.355" errors="0" timestamp="2025-10-29T23:23:50 IST" skipped="3">
  <testcase classname="com.ui.tests.CompleteOrderTest" name="completeOrder" time="22.860">
    <skipped/>
  </testcase> <!-- completeOrder -->
  <testcase classname="com.ui.tests.CompleteOrderTest" name="completeOrder" time="25.381"/>
  <testcase classname="com.ui.tests.CompleteOrderTest" name="completeOrder" time="25.325">
    <skipped/>
  </testcase> <!-- completeOrder -->
  <testcase classname="com.ui.tests.CompleteOrderTest" name="completeOrder" time="24.789">
    <skipped/>
  </testcase> <!-- completeOrder -->
</testsuite> <!-- com.ui.tests.CompleteOrderTest -->
