<?xml version="1.0" encoding="UTF-8"?>
<!-- Generated by org.testng.reporters.JUnitReportReporter -->
<testsuite hostname="LAPTOP-5SGPDORB" failures="0" tests="1" name="com.ui.tests.LoginTests" time="17.285" errors="0" timestamp="2025-10-25T08:33:52 IST" skipped="0">
  <testcase classname="com.ui.tests.LoginTests" name="LoginTest" time="17.285"/>
</testsuite> <!-- com.ui.tests.LoginTests -->
